{"C:\\Users\\muham\\Desktop\\bachelor-projekt\\index.js": {"path":"C:\\Users\\muham\\Desktop\\bachelor-projekt\\index.js","statementMap":{"0":{"start":{"line":2,"column":16},"end":{"line":2,"column":34}},"1":{"start":{"line":3,"column":16},"end":{"line":3,"column":44}},"2":{"start":{"line":4,"column":18},"end":{"line":4,"column":39}},"3":{"start":{"line":5,"column":12},"end":{"line":5,"column":21}},"4":{"start":{"line":6,"column":13},"end":{"line":6,"column":17}},"5":{"start":{"line":7,"column":56},"end":{"line":7,"column":98}},"6":{"start":{"line":10,"column":23},"end":{"line":17,"column":1}},"7":{"start":{"line":20,"column":16},"end":{"line":28,"column":1}},"8":{"start":{"line":31,"column":21},"end":{"line":31,"column":50}},"9":{"start":{"line":34,"column":22},"end":{"line":34,"column":93}},"10":{"start":{"line":36,"column":0},"end":{"line":39,"column":1}},"11":{"start":{"line":37,"column":2},"end":{"line":37,"column":29}},"12":{"start":{"line":38,"column":2},"end":{"line":38,"column":62}},"13":{"start":{"line":42,"column":0},"end":{"line":56,"column":3}},"14":{"start":{"line":43,"column":20},"end":{"line":43,"column":30}},"15":{"start":{"line":44,"column":2},"end":{"line":44,"column":21}},"16":{"start":{"line":46,"column":2},"end":{"line":53,"column":5}},"17":{"start":{"line":47,"column":21},"end":{"line":47,"column":43}},"18":{"start":{"line":48,"column":4},"end":{"line":48,"column":41}},"19":{"start":{"line":50,"column":4},"end":{"line":52,"column":5}},"20":{"start":{"line":51,"column":6},"end":{"line":51,"column":36}},"21":{"start":{"line":55,"column":2},"end":{"line":55,"column":9}},"22":{"start":{"line":59,"column":0},"end":{"line":59,"column":24}},"23":{"start":{"line":62,"column":0},"end":{"line":113,"column":3}},"24":{"start":{"line":63,"column":2},"end":{"line":112,"column":5}},"25":{"start":{"line":118,"column":0},"end":{"line":132,"column":3}},"26":{"start":{"line":119,"column":17},"end":{"line":119,"column":77}},"27":{"start":{"line":120,"column":17},"end":{"line":130,"column":3}},"28":{"start":{"line":128,"column":58},"end":{"line":128,"column":63}},"29":{"start":{"line":131,"column":2},"end":{"line":131,"column":19}},"30":{"start":{"line":136,"column":0},"end":{"line":151,"column":3}},"31":{"start":{"line":137,"column":2},"end":{"line":150,"column":5}},"32":{"start":{"line":154,"column":0},"end":{"line":178,"column":3}},"33":{"start":{"line":155,"column":26},"end":{"line":157,"column":7}},"34":{"start":{"line":156,"column":56},"end":{"line":156,"column":61}},"35":{"start":{"line":159,"column":2},"end":{"line":177,"column":5}},"36":{"start":{"line":181,"column":0},"end":{"line":218,"column":3}},"37":{"start":{"line":183,"column":16},"end":{"line":183,"column":20}},"38":{"start":{"line":184,"column":2},"end":{"line":190,"column":3}},"39":{"start":{"line":185,"column":4},"end":{"line":187,"column":5}},"40":{"start":{"line":186,"column":6},"end":{"line":186,"column":37}},"41":{"start":{"line":192,"column":22},"end":{"line":208,"column":3}},"42":{"start":{"line":193,"column":4},"end":{"line":207,"column":5}},"43":{"start":{"line":194,"column":25},"end":{"line":194,"column":68}},"44":{"start":{"line":195,"column":6},"end":{"line":195,"column":58}},"45":{"start":{"line":196,"column":6},"end":{"line":199,"column":9}},"46":{"start":{"line":201,"column":6},"end":{"line":204,"column":35}},"47":{"start":{"line":202,"column":8},"end":{"line":202,"column":27}},"48":{"start":{"line":203,"column":8},"end":{"line":203,"column":19}},"49":{"start":{"line":206,"column":6},"end":{"line":206,"column":53}},"50":{"start":{"line":210,"column":2},"end":{"line":217,"column":5}},"51":{"start":{"line":211,"column":4},"end":{"line":216,"column":7}},"52":{"start":{"line":221,"column":0},"end":{"line":235,"column":3}},"53":{"start":{"line":222,"column":16},"end":{"line":227,"column":3}},"54":{"start":{"line":229,"column":2},"end":{"line":234,"column":5}},"55":{"start":{"line":238,"column":0},"end":{"line":250,"column":3}},"56":{"start":{"line":239,"column":19},"end":{"line":239,"column":29}},"57":{"start":{"line":240,"column":22},"end":{"line":240,"column":30}},"58":{"start":{"line":242,"column":2},"end":{"line":242,"column":34}},"59":{"start":{"line":244,"column":2},"end":{"line":249,"column":5}},"60":{"start":{"line":253,"column":0},"end":{"line":292,"column":3}},"61":{"start":{"line":254,"column":19},"end":{"line":254,"column":47}},"62":{"start":{"line":256,"column":2},"end":{"line":291,"column":3}},"63":{"start":{"line":258,"column":6},"end":{"line":264,"column":15}},"64":{"start":{"line":259,"column":8},"end":{"line":263,"column":11}},"65":{"start":{"line":265,"column":6},"end":{"line":265,"column":12}},"66":{"start":{"line":268,"column":6},"end":{"line":268,"column":23}},"67":{"start":{"line":269,"column":6},"end":{"line":272,"column":9}},"68":{"start":{"line":273,"column":6},"end":{"line":273,"column":12}},"69":{"start":{"line":276,"column":19},"end":{"line":276,"column":57}},"70":{"start":{"line":277,"column":6},"end":{"line":281,"column":9}},"71":{"start":{"line":282,"column":6},"end":{"line":282,"column":12}},"72":{"start":{"line":285,"column":6},"end":{"line":290,"column":9}},"73":{"start":{"line":295,"column":0},"end":{"line":320,"column":3}},"74":{"start":{"line":296,"column":17},"end":{"line":313,"column":3}},"75":{"start":{"line":315,"column":2},"end":{"line":317,"column":3}},"76":{"start":{"line":316,"column":4},"end":{"line":316,"column":75}},"77":{"start":{"line":319,"column":2},"end":{"line":319,"column":19}},"78":{"start":{"line":323,"column":0},"end":{"line":330,"column":3}},"79":{"start":{"line":324,"column":2},"end":{"line":324,"column":45}},"80":{"start":{"line":325,"column":2},"end":{"line":329,"column":5}},"81":{"start":{"line":333,"column":0},"end":{"line":343,"column":3}},"82":{"start":{"line":334,"column":2},"end":{"line":334,"column":19}},"83":{"start":{"line":335,"column":2},"end":{"line":342,"column":5}},"84":{"start":{"line":346,"column":0},"end":{"line":354,"column":3}},"85":{"start":{"line":347,"column":2},"end":{"line":347,"column":19}},"86":{"start":{"line":348,"column":2},"end":{"line":348,"column":31}},"87":{"start":{"line":349,"column":2},"end":{"line":353,"column":5}},"88":{"start":{"line":357,"column":0},"end":{"line":359,"column":1}},"89":{"start":{"line":358,"column":2},"end":{"line":358,"column":42}},"90":{"start":{"line":362,"column":0},"end":{"line":368,"column":1}},"91":{"start":{"line":363,"column":2},"end":{"line":367,"column":5}},"92":{"start":{"line":364,"column":4},"end":{"line":364,"column":62}},"93":{"start":{"line":365,"column":4},"end":{"line":365,"column":62}},"94":{"start":{"line":366,"column":4},"end":{"line":366,"column":54}},"95":{"start":{"line":371,"column":0},"end":{"line":371,"column":21}}},"fnMap":{"0":{"name":"(anonymous_0)","decl":{"start":{"line":42,"column":8},"end":{"line":42,"column":9}},"loc":{"start":{"line":42,"column":28},"end":{"line":56,"column":1}},"line":42},"1":{"name":"(anonymous_1)","decl":{"start":{"line":46,"column":19},"end":{"line":46,"column":20}},"loc":{"start":{"line":46,"column":25},"end":{"line":53,"column":3}},"line":46},"2":{"name":"(anonymous_2)","decl":{"start":{"line":62,"column":13},"end":{"line":62,"column":14}},"loc":{"start":{"line":62,"column":27},"end":{"line":113,"column":1}},"line":62},"3":{"name":"(anonymous_3)","decl":{"start":{"line":118,"column":19},"end":{"line":118,"column":20}},"loc":{"start":{"line":118,"column":33},"end":{"line":132,"column":1}},"line":118},"4":{"name":"(anonymous_4)","decl":{"start":{"line":128,"column":48},"end":{"line":128,"column":49}},"loc":{"start":{"line":128,"column":58},"end":{"line":128,"column":63}},"line":128},"5":{"name":"(anonymous_5)","decl":{"start":{"line":136,"column":23},"end":{"line":136,"column":24}},"loc":{"start":{"line":136,"column":37},"end":{"line":151,"column":1}},"line":136},"6":{"name":"(anonymous_6)","decl":{"start":{"line":154,"column":20},"end":{"line":154,"column":21}},"loc":{"start":{"line":154,"column":34},"end":{"line":178,"column":1}},"line":154},"7":{"name":"(anonymous_7)","decl":{"start":{"line":156,"column":46},"end":{"line":156,"column":47}},"loc":{"start":{"line":156,"column":56},"end":{"line":156,"column":61}},"line":156},"8":{"name":"(anonymous_8)","decl":{"start":{"line":181,"column":18},"end":{"line":181,"column":19}},"loc":{"start":{"line":181,"column":32},"end":{"line":218,"column":1}},"line":181},"9":{"name":"(anonymous_9)","decl":{"start":{"line":192,"column":22},"end":{"line":192,"column":23}},"loc":{"start":{"line":192,"column":36},"end":{"line":208,"column":3}},"line":192},"10":{"name":"(anonymous_10)","decl":{"start":{"line":201,"column":17},"end":{"line":201,"column":18}},"loc":{"start":{"line":201,"column":23},"end":{"line":204,"column":7}},"line":201},"11":{"name":"(anonymous_11)","decl":{"start":{"line":210,"column":14},"end":{"line":210,"column":15}},"loc":{"start":{"line":210,"column":20},"end":{"line":217,"column":3}},"line":210},"12":{"name":"(anonymous_12)","decl":{"start":{"line":221,"column":26},"end":{"line":221,"column":27}},"loc":{"start":{"line":221,"column":40},"end":{"line":235,"column":1}},"line":221},"13":{"name":"(anonymous_13)","decl":{"start":{"line":238,"column":33},"end":{"line":238,"column":34}},"loc":{"start":{"line":238,"column":47},"end":{"line":250,"column":1}},"line":238},"14":{"name":"(anonymous_14)","decl":{"start":{"line":253,"column":18},"end":{"line":253,"column":19}},"loc":{"start":{"line":253,"column":32},"end":{"line":292,"column":1}},"line":253},"15":{"name":"(anonymous_15)","decl":{"start":{"line":258,"column":17},"end":{"line":258,"column":18}},"loc":{"start":{"line":258,"column":23},"end":{"line":264,"column":7}},"line":258},"16":{"name":"(anonymous_16)","decl":{"start":{"line":295,"column":19},"end":{"line":295,"column":20}},"loc":{"start":{"line":295,"column":33},"end":{"line":320,"column":1}},"line":295},"17":{"name":"(anonymous_17)","decl":{"start":{"line":323,"column":21},"end":{"line":323,"column":22}},"loc":{"start":{"line":323,"column":35},"end":{"line":330,"column":1}},"line":323},"18":{"name":"(anonymous_18)","decl":{"start":{"line":333,"column":8},"end":{"line":333,"column":9}},"loc":{"start":{"line":333,"column":22},"end":{"line":343,"column":1}},"line":333},"19":{"name":"(anonymous_19)","decl":{"start":{"line":346,"column":8},"end":{"line":346,"column":9}},"loc":{"start":{"line":346,"column":33},"end":{"line":354,"column":1}},"line":346},"20":{"name":"(anonymous_20)","decl":{"start":{"line":363,"column":19},"end":{"line":363,"column":20}},"loc":{"start":{"line":363,"column":25},"end":{"line":367,"column":3}},"line":363}},"branchMap":{"0":{"loc":{"start":{"line":11,"column":11},"end":{"line":11,"column":45}},"type":"binary-expr","locations":[{"start":{"line":11,"column":11},"end":{"line":11,"column":34}},{"start":{"line":11,"column":38},"end":{"line":11,"column":45}}],"line":11},"1":{"loc":{"start":{"line":12,"column":15},"end":{"line":12,"column":52}},"type":"binary-expr","locations":[{"start":{"line":12,"column":15},"end":{"line":12,"column":35}},{"start":{"line":12,"column":39},"end":{"line":12,"column":52}}],"line":12},"2":{"loc":{"start":{"line":13,"column":10},"end":{"line":13,"column":50}},"type":"binary-expr","locations":[{"start":{"line":13,"column":10},"end":{"line":13,"column":32}},{"start":{"line":13,"column":36},"end":{"line":13,"column":50}}],"line":13},"3":{"loc":{"start":{"line":14,"column":13},"end":{"line":14,"column":46}},"type":"binary-expr","locations":[{"start":{"line":14,"column":13},"end":{"line":14,"column":35}},{"start":{"line":14,"column":39},"end":{"line":14,"column":46}}],"line":14},"4":{"loc":{"start":{"line":34,"column":22},"end":{"line":34,"column":93}},"type":"binary-expr","locations":[{"start":{"line":34,"column":22},"end":{"line":34,"column":58}},{"start":{"line":34,"column":62},"end":{"line":34,"column":93}}],"line":34},"5":{"loc":{"start":{"line":36,"column":0},"end":{"line":39,"column":1}},"type":"if","locations":[{"start":{"line":36,"column":0},"end":{"line":39,"column":1}},{"start":{},"end":{}}],"line":36},"6":{"loc":{"start":{"line":50,"column":4},"end":{"line":52,"column":5}},"type":"if","locations":[{"start":{"line":50,"column":4},"end":{"line":52,"column":5}},{"start":{},"end":{}}],"line":50},"7":{"loc":{"start":{"line":126,"column":14},"end":{"line":126,"column":83}},"type":"cond-expr","locations":[{"start":{"line":126,"column":67},"end":{"line":126,"column":71}},{"start":{"line":126,"column":74},"end":{"line":126,"column":83}}],"line":126},"8":{"loc":{"start":{"line":127,"column":20},"end":{"line":128,"column":114}},"type":"cond-expr","locations":[{"start":{"line":128,"column":8},"end":{"line":128,"column":106}},{"start":{"line":128,"column":109},"end":{"line":128,"column":114}}],"line":127},"9":{"loc":{"start":{"line":148,"column":24},"end":{"line":148,"column":94}},"type":"cond-expr","locations":[{"start":{"line":148,"column":70},"end":{"line":148,"column":82}},{"start":{"line":148,"column":85},"end":{"line":148,"column":94}}],"line":148},"10":{"loc":{"start":{"line":155,"column":26},"end":{"line":157,"column":7}},"type":"cond-expr","locations":[{"start":{"line":156,"column":6},"end":{"line":156,"column":97}},{"start":{"line":157,"column":6},"end":{"line":157,"column":7}}],"line":155},"11":{"loc":{"start":{"line":163,"column":17},"end":{"line":163,"column":105}},"type":"cond-expr","locations":[{"start":{"line":163,"column":40},"end":{"line":163,"column":98}},{"start":{"line":163,"column":101},"end":{"line":163,"column":105}}],"line":163},"12":{"loc":{"start":{"line":185,"column":4},"end":{"line":187,"column":5}},"type":"if","locations":[{"start":{"line":185,"column":4},"end":{"line":187,"column":5}},{"start":{},"end":{}}],"line":185},"13":{"loc":{"start":{"line":193,"column":4},"end":{"line":207,"column":5}},"type":"if","locations":[{"start":{"line":193,"column":4},"end":{"line":207,"column":5}},{"start":{"line":205,"column":11},"end":{"line":207,"column":5}}],"line":193},"14":{"loc":{"start":{"line":215,"column":11},"end":{"line":215,"column":112}},"type":"cond-expr","locations":[{"start":{"line":215,"column":21},"end":{"line":215,"column":70}},{"start":{"line":215,"column":73},"end":{"line":215,"column":112}}],"line":215},"15":{"loc":{"start":{"line":223,"column":18},"end":{"line":223,"column":59}},"type":"binary-expr","locations":[{"start":{"line":223,"column":18},"end":{"line":223,"column":50}},{"start":{"line":223,"column":54},"end":{"line":223,"column":59}}],"line":223},"16":{"loc":{"start":{"line":224,"column":21},"end":{"line":224,"column":64}},"type":"binary-expr","locations":[{"start":{"line":224,"column":21},"end":{"line":224,"column":56}},{"start":{"line":224,"column":60},"end":{"line":224,"column":64}}],"line":224},"17":{"loc":{"start":{"line":225,"column":18},"end":{"line":225,"column":99}},"type":"binary-expr","locations":[{"start":{"line":225,"column":18},"end":{"line":225,"column":50}},{"start":{"line":225,"column":55},"end":{"line":225,"column":98}}],"line":225},"18":{"loc":{"start":{"line":226,"column":21},"end":{"line":226,"column":65}},"type":"binary-expr","locations":[{"start":{"line":226,"column":21},"end":{"line":226,"column":56}},{"start":{"line":226,"column":60},"end":{"line":226,"column":65}}],"line":226},"19":{"loc":{"start":{"line":254,"column":19},"end":{"line":254,"column":47}},"type":"binary-expr","locations":[{"start":{"line":254,"column":19},"end":{"line":254,"column":37}},{"start":{"line":254,"column":41},"end":{"line":254,"column":47}}],"line":254},"20":{"loc":{"start":{"line":256,"column":2},"end":{"line":291,"column":3}},"type":"switch","locations":[{"start":{"line":257,"column":4},"end":{"line":265,"column":12}},{"start":{"line":267,"column":4},"end":{"line":273,"column":12}},{"start":{"line":275,"column":4},"end":{"line":282,"column":12}},{"start":{"line":284,"column":4},"end":{"line":290,"column":9}}],"line":256},"21":{"loc":{"start":{"line":304,"column":14},"end":{"line":304,"column":54}},"type":"binary-expr","locations":[{"start":{"line":304,"column":14},"end":{"line":304,"column":36}},{"start":{"line":304,"column":40},"end":{"line":304,"column":54}}],"line":304},"22":{"loc":{"start":{"line":315,"column":2},"end":{"line":317,"column":3}},"type":"if","locations":[{"start":{"line":315,"column":2},"end":{"line":317,"column":3}},{"start":{},"end":{}}],"line":315},"23":{"loc":{"start":{"line":357,"column":0},"end":{"line":359,"column":1}},"type":"if","locations":[{"start":{"line":357,"column":0},"end":{"line":359,"column":1}},{"start":{},"end":{}}],"line":357},"24":{"loc":{"start":{"line":362,"column":0},"end":{"line":368,"column":1}},"type":"if","locations":[{"start":{"line":362,"column":0},"end":{"line":368,"column":1}},{"start":{},"end":{}}],"line":362}},"s":{"0":1,"1":1,"2":1,"3":1,"4":1,"5":1,"6":1,"7":1,"8":1,"9":1,"10":1,"11":0,"12":0,"13":1,"14":13,"15":13,"16":13,"17":13,"18":13,"19":13,"20":0,"21":13,"22":1,"23":1,"24":1,"25":1,"26":1,"27":1,"28":1,"29":1,"30":1,"31":1,"32":1,"33":1,"34":3,"35":1,"36":1,"37":1,"38":1,"39":1,"40":0,"41":1,"42":1,"43":0,"44":0,"45":0,"46":0,"47":0,"48":0,"49":1,"50":1,"51":1,"52":1,"53":1,"54":1,"55":1,"56":1,"57":1,"58":1,"59":1,"60":1,"61":3,"62":3,"63":1,"64":1,"65":1,"66":1,"67":1,"68":1,"69":0,"70":0,"71":0,"72":1,"73":1,"74":1,"75":1,"76":0,"77":1,"78":1,"79":1,"80":1,"81":1,"82":1,"83":1,"84":1,"85":0,"86":0,"87":0,"88":1,"89":0,"90":1,"91":0,"92":0,"93":0,"94":0,"95":1},"f":{"0":13,"1":13,"2":1,"3":1,"4":1,"5":1,"6":1,"7":3,"8":1,"9":1,"10":0,"11":1,"12":1,"13":1,"14":3,"15":1,"16":1,"17":1,"18":1,"19":0,"20":0},"b":{"0":[1,1],"1":[1,0],"2":[1,1],"3":[1,1],"4":[1,0],"5":[0,1],"6":[0,13],"7":[1,0],"8":[1,0],"9":[0,1],"10":[1,0],"11":[1,0],"12":[0,1],"13":[0,1],"14":[0,1],"15":[1,1],"16":[1,1],"17":[1,1],"18":[1,1],"19":[3,1],"20":[1,1,0,1],"21":[1,1],"22":[0,1],"23":[0,1],"24":[0,1]},"_coverageSchema":"1a1c01bbd47fc00a2c39e90264f33305004495a9","hash":"556732a5fdfb6837ba562c4f569b4561d5fa2bf9"}
}
