TN:
SF:index.js
FN:42,(anonymous_0)
FN:46,(anonymous_1)
FN:62,(anonymous_2)
FN:118,(anonymous_3)
FN:128,(anonymous_4)
FN:136,(anonymous_5)
FN:154,(anonymous_6)
FN:156,(anonymous_7)
FN:181,(anonymous_8)
FN:192,(anonymous_9)
FN:201,(anonymous_10)
FN:210,(anonymous_11)
FN:221,(anonymous_12)
FN:238,(anonymous_13)
FN:253,(anonymous_14)
FN:258,(anonymous_15)
FN:295,(anonymous_16)
FN:323,(anonymous_17)
FN:333,(anonymous_18)
FN:346,(anonymous_19)
FN:363,(anonymous_20)
FNF:21
FNH:18
FNDA:13,(anonymous_0)
FNDA:13,(anonymous_1)
FNDA:1,(anonymous_2)
FNDA:1,(anonymous_3)
FNDA:1,(anonymous_4)
FNDA:1,(anonymous_5)
FNDA:1,(anonymous_6)
FNDA:3,(anonymous_7)
FNDA:1,(anonymous_8)
FNDA:1,(anonymous_9)
FNDA:0,(anonymous_10)
FNDA:1,(anonymous_11)
FNDA:1,(anonymous_12)
FNDA:1,(anonymous_13)
FNDA:3,(anonymous_14)
FNDA:1,(anonymous_15)
FNDA:1,(anonymous_16)
FNDA:1,(anonymous_17)
FNDA:1,(anonymous_18)
FNDA:0,(anonymous_19)
FNDA:0,(anonymous_20)
DA:2,1
DA:3,1
DA:4,1
DA:5,1
DA:6,1
DA:7,1
DA:10,1
DA:20,1
DA:31,1
DA:34,1
DA:36,1
DA:37,0
DA:38,0
DA:42,1
DA:43,13
DA:44,13
DA:46,13
DA:47,13
DA:48,13
DA:50,13
DA:51,0
DA:55,13
DA:59,1
DA:62,1
DA:63,1
DA:118,1
DA:119,1
DA:120,1
DA:128,1
DA:131,1
DA:136,1
DA:137,1
DA:154,1
DA:155,1
DA:156,3
DA:159,1
DA:181,1
DA:183,1
DA:184,1
DA:185,1
DA:186,0
DA:192,1
DA:193,1
DA:194,0
DA:195,0
DA:196,0
DA:201,0
DA:202,0
DA:203,0
DA:206,1
DA:210,1
DA:211,1
DA:221,1
DA:222,1
DA:229,1
DA:238,1
DA:239,1
DA:240,1
DA:242,1
DA:244,1
DA:253,1
DA:254,3
DA:256,3
DA:258,1
DA:259,1
DA:265,1
DA:268,1
DA:269,1
DA:273,1
DA:276,0
DA:277,0
DA:282,0
DA:285,1
DA:295,1
DA:296,1
DA:315,1
DA:316,0
DA:319,1
DA:323,1
DA:324,1
DA:325,1
DA:333,1
DA:334,1
DA:335,1
DA:346,1
DA:347,0
DA:348,0
DA:349,0
DA:357,1
DA:358,0
DA:362,1
DA:363,0
DA:364,0
DA:365,0
DA:366,0
DA:371,1
LF:96
LH:74
BRDA:11,0,0,1
BRDA:11,0,1,1
BRDA:12,1,0,1
BRDA:12,1,1,0
BRDA:13,2,0,1
BRDA:13,2,1,1
BRDA:14,3,0,1
BRDA:14,3,1,1
BRDA:34,4,0,1
BRDA:34,4,1,0
BRDA:36,5,0,0
BRDA:36,5,1,1
BRDA:50,6,0,0
BRDA:50,6,1,13
BRDA:126,7,0,1
BRDA:126,7,1,0
BRDA:127,8,0,1
BRDA:127,8,1,0
BRDA:148,9,0,0
BRDA:148,9,1,1
BRDA:155,10,0,1
BRDA:155,10,1,0
BRDA:163,11,0,1
BRDA:163,11,1,0
BRDA:185,12,0,0
BRDA:185,12,1,1
BRDA:193,13,0,0
BRDA:193,13,1,1
BRDA:215,14,0,0
BRDA:215,14,1,1
BRDA:223,15,0,1
BRDA:223,15,1,1
BRDA:224,16,0,1
BRDA:224,16,1,1
BRDA:225,17,0,1
BRDA:225,17,1,1
BRDA:226,18,0,1
BRDA:226,18,1,1
BRDA:254,19,0,3
BRDA:254,19,1,1
BRDA:256,20,0,1
BRDA:256,20,1,1
BRDA:256,20,2,0
BRDA:256,20,3,1
BRDA:304,21,0,1
BRDA:304,21,1,1
BRDA:315,22,0,0
BRDA:315,22,1,1
BRDA:357,23,0,0
BRDA:357,23,1,1
BRDA:362,24,0,0
BRDA:362,24,1,1
BRF:52
BRH:36
end_of_record
